[17:32:48] [main/INFO]: Loading Minecraft 1.21.1 with Fabric Loader 0.16.3
[17:32:49] [main/INFO]: Loading 4 mods:
	- fabricloader 0.16.3
	   \-- mixinextras 0.4.1
	- java 21
	- minecraft 1.21.1
[17:32:49] [main/INFO]: SpongePowered MIXIN Subsystem Version=0.8.7 Source=file:/workspaces/hardcore/servidor_minecraft/libraries/net/fabricmc/sponge-mixin/0.15.2+mixin.0.8.7/sponge-mixin-0.15.2+mixin.0.8.7.jar Service=Knot/Fabric Env=SERVER
[17:32:55] [main/INFO]: Environment: Environment[sessionHost=https://sessionserver.mojang.com, servicesHost=https://api.minecraftservices.com, name=PROD]
[17:32:56] [main/INFO]: No existing world data, creating new world
[17:32:57] [main/INFO]: Loaded 1290 recipes
[17:32:57] [main/INFO]: Loaded 1399 advancements
[17:32:57] [Server thread/INFO]: Starting minecraft server version 1.21.1
[17:32:57] [Server thread/INFO]: Loading properties
[17:32:57] [Server thread/INFO]: Default game type: SURVIVAL
[17:32:57] [Server thread/INFO]: Generating keypair
[17:32:58] [Server thread/INFO]: Starting Minecraft server on *:25565
[17:32:58] [Server thread/INFO]: Using epoll channel type
[17:32:58] [Server thread/WARN]: **** SERVER IS RUNNING IN OFFLINE/INSECURE MODE!
[17:32:58] [Server thread/WARN]: The server will make no attempt to authenticate usernames. Beware.
[17:32:58] [Server thread/WARN]: While this makes the game possible to play without internet access, it also opens up the ability for hackers to connect with any username they choose.
[17:32:58] [Server thread/WARN]: To change this, set "online-mode" to "true" in the server.properties file.
[17:32:58] [Server thread/INFO]: Preparing level "world"
[17:33:05] [Server thread/INFO]: Preparing start region for dimension minecraft:overworld
[17:33:05] [Worker-Main-1/INFO]: Preparing spawn area: 2%
[17:33:06] [Worker-Main-1/INFO]: Preparing spawn area: 2%
[17:33:06] [Worker-Main-1/INFO]: Preparing spawn area: 2%
[17:33:06] [Worker-Main-1/INFO]: Preparing spawn area: 2%
[17:33:07] [Worker-Main-3/INFO]: Preparing spawn area: 12%
[17:33:07] [Worker-Main-3/INFO]: Preparing spawn area: 18%
[17:33:08] [Worker-Main-3/INFO]: Preparing spawn area: 18%
[17:33:08] [Worker-Main-1/INFO]: Preparing spawn area: 18%
[17:33:09] [Worker-Main-2/INFO]: Preparing spawn area: 18%
[17:33:09] [Worker-Main-2/INFO]: Preparing spawn area: 51%
[17:33:10] [Worker-Main-3/INFO]: Preparing spawn area: 51%
[17:33:10] [Worker-Main-2/INFO]: Preparing spawn area: 51%
[17:33:11] [Server thread/INFO]: Time elapsed: 5928 ms
[17:33:11] [Server thread/INFO]: Done (13.099s)! For help, type "help"
